Information: Propagating switching activity (low effort zero delay simulation). (PWR-6)
Warning: Design has unannotated primary inputs. (PWR-414)
Warning: Design has unannotated sequential cell outputs. (PWR-415)
 
****************************************
Report : power
        -analysis_effort low
Design : idct_BitWidth31_BitWidth130
Version: L-2016.03-SP5-3
Date   : Wed Sep 13 19:38:27 2017
****************************************


Library(s) Used:

    typical (File: /home/polaris/behzad/behzad_local/verilog_files/libraries/germany_NanGate/db/various_temps__db__all_values/1.2V_75T.db)


Operating Conditions: typical   Library: typical
Wire Load Model Mode: top


Global Operating Voltage = 1.2  
Power-specific unit information :
    Voltage Units = 1V
    Capacitance Units = 1.000000pf
    Time Units = 1ns
    Dynamic Power Units = 1mW    (derived from V,C,T units)
    Leakage Power Units = 1uW


  Cell Internal Power  =  73.7357 mW   (97%)
  Net Switching Power  =   2.0892 mW    (3%)
                         ---------
Total Dynamic Power    =  75.8250 mW  (100%)

Cell Leakage Power     = 334.6162 uW


                 Internal         Switching           Leakage            Total
Power Group      Power            Power               Power              Power   (   %    )  Attrs
--------------------------------------------------------------------------------------------------
io_pad             0.0000            0.0000            0.0000            0.0000  (   0.00%)
memory             0.0000            0.0000            0.0000            0.0000  (   0.00%)
black_box          0.0000            0.0000            0.0000            0.0000  (   0.00%)
clock_network      0.0000            0.0000            0.0000            0.0000  (   0.00%)
register          73.0913        1.8223e-02          178.9432           73.2883  (  96.23%)
sequential         0.0000            0.0000            0.0000            0.0000  (   0.00%)
combinational      0.6434            2.0710          155.6722            2.8701  (   3.77%)
--------------------------------------------------------------------------------------------------
Total             73.7347 mW         2.0892 mW       334.6154 uW        76.1584 mW
1
