/usr/local/packages/synopsys_2016/syn/auxx/gui/dv/dv_setup.tcl
/usr/local/packages/synopsys_2016/syn/auxx/gui/syn/snpsSynProcs.tcl
/usr/local/packages/synopsys_2016/syn/auxx/gui/syn/layout/pkgIndex.tcl
/usr/local/packages/synopsys_2016/syn/auxx/gui/common/schematic/pkgIndex.tcl
/usr/local/packages/synopsys_2016/syn/auxx/gui/common/WindowFrameWork/pkgIndex.tcl
/usr/local/packages/synopsys_2016/syn/auxx/gui/common/layout/pkgIndex.tcl
/usr/local/packages/synopsys_2016/syn/auxx/gui/common/pathinspector/pkgIndex.tcl
/usr/local/packages/synopsys_2016/syn/auxx/gui/common/commandform/pkgIndex.tcl
/usr/local/packages/synopsys_2016/syn/auxx/gui/common/misc/pkgIndex.tcl
/usr/local/packages/synopsys_2016/syn/auxx/gui/common/highlight/pkgIndex.tcl
/usr/local/packages/synopsys_2016/syn/auxx/gui/common/timing/pkgIndex.tcl
/usr/local/packages/synopsys_2016/syn/auxx/gui/common/opdlg/pkgIndex.tcl
/usr/local/packages/synopsys_2016/syn/auxx/gui/common/select/pkgIndex.tcl
/usr/local/packages/synopsys_2016/syn/auxx/gui/common/qtcl/pkgIndex.tcl
/usr/local/packages/synopsys_2016/syn/auxx/gui/common/fanoutviewer/pkgIndex.tcl
/usr/local/packages/synopsys_2016/syn/auxx/gui/common/setup/pkgIndex.tcl
/usr/local/packages/synopsys_2016/syn/auxx/gui/common/tiledview/pkgIndex.tcl
/usr/local/packages/synopsys_2016/syn/auxx/gui/common/hierarchy/pkgIndex.tcl
/usr/local/packages/synopsys_2016/syn/auxx/gui/common/libviewer/pkgIndex.tcl
/usr/local/packages/synopsys_2016/syn/auxx/gui/common/docBrowser/pkgIndex.tcl
/usr/local/packages/synopsys_2016/syn/auxx/gui/common/mrupalette/pkgIndex.tcl
/usr/local/packages/synopsys_2016/syn/auxx/gui/common/menus/pkgIndex.tcl
/usr/local/packages/synopsys_2016/syn/auxx/gui/common/regressionToolkit/pkgIndex.tcl
/usr/local/packages/synopsys_2016/syn/auxx/gui/common/view/pkgIndex.tcl
/usr/local/packages/synopsys_2016/syn/auxx/gui/common/tcl-dp/pkgIndex.tcl
/usr/local/packages/synopsys_2016/syn/auxx/gui/common/histogram/pkgIndex.tcl
/usr/local/packages/synopsys_2016/syn/auxx/gui/common/table/pkgIndex.tcl
/usr/local/packages/synopsys_2016/syn/auxx/gui/common/dialogs/pkgIndex.tcl
/usr/local/packages/synopsys_2016/syn/auxx/gui/common/acg/pkgIndex.tcl
/usr/local/packages/synopsys_2016/syn/auxx/gui/common/strokes/pkgIndex.tcl
/usr/local/packages/synopsys_2016/syn/auxx/gui/common/tq/pkgIndex.tcl
/usr/local/packages/synopsys_2016/syn/auxx/gui/common/profiler/pkgIndex.tcl
/usr/local/packages/synopsys_2016/syn/auxx/gui/common/palettegroup/pkgIndex.tcl
/usr/local/packages/synopsys_2016/syn/auxx/gui/dv/pkgIndex.tcl
/usr/local/packages/synopsys_2016/syn/auxx/syn/lib/pkgIndex.tcl
/usr/local/packages/synopsys_2016/syn/auxx/tcllib/lib/iwidgets4.1/pkgIndex.tcl
/usr/local/packages/synopsys_2016/syn/auxx/tcllib/snps_tcl/snpsTest/pkgIndex.tcl
/usr/local/packages/synopsys_2016/syn/auxx/tcllib/snps_tcl/snpsUtils/pkgIndex.tcl
/usr/local/packages/synopsys_2016/syn/auxx/tcllib/snps_tcl/snpsTclPro/pkgIndex.tcl
/usr/local/packages/synopsys_2016/syn/auxx/tcllib/snps_tcl/pkgIndex.tcl
/usr/local/packages/synopsys_2016/syn/auxx/tcllib/lib/tcl8.6/http/pkgIndex.tcl
/usr/local/packages/synopsys_2016/syn/auxx/tcllib/lib/tcl8.6/reg/pkgIndex.tcl
/usr/local/packages/synopsys_2016/syn/auxx/tcllib/lib/tcl8.6/platform/pkgIndex.tcl
/usr/local/packages/synopsys_2016/syn/auxx/tcllib/lib/tcl8.6/tcltest/pkgIndex.tcl
/usr/local/packages/synopsys_2016/syn/auxx/tcllib/lib/tcl8.6/dde/pkgIndex.tcl
/usr/local/packages/synopsys_2016/syn/auxx/tcllib/lib/tcl8.6/http1.0/pkgIndex.tcl
/usr/local/packages/synopsys_2016/syn/auxx/tcllib/lib/tcl8.6/msgcat/pkgIndex.tcl
/usr/local/packages/synopsys_2016/syn/auxx/tcllib/lib/tcl8.6/opt/pkgIndex.tcl
/usr/local/packages/synopsys_2016/syn/auxx/gui/common/setup/snpsCommonSetup.tcl
/usr/local/packages/synopsys_2016/syn/auxx/gui/common/setup/snpsCustomize.tcl
/usr/local/packages/synopsys_2016/syn/auxx/gui/common/setup/snpsProcheck.tcl
/usr/local/packages/synopsys_2016/syn/auxx/gui/common/qtcl/.synopsys_qtcl.tcl
/usr/local/packages/synopsys_2016/syn/auxx/gui/common/highlight/highlight.tcl
/usr/local/packages/synopsys_2016/syn/auxx/gui/common/misc/base.tcl
/usr/local/packages/synopsys_2016/syn/auxx/gui/common/misc/timing.tcl
/usr/local/packages/synopsys_2016/syn/auxx/gui/common/misc/setting.tcl
